<?xml version="1.0" encoding="UTF-8"?>
<!-- Generated by org.testng.reporters.JUnitXMLReporter -->
<testsuite ignored="0" hostname="jeevansx-mobl" failures="1" tests="1" name="Hotel Book Tests" time="6.532" errors="0" timestamp="2025-04-13T15:31:03 IST">
  <testcase classname="tests.SelectHotelTest" name="testSelectHotel" time="1.843">
    <failure type="java.lang.AssertionError" message="Should navigate to Select Book Hotel page. expected [true] but found [false]">
      <![CDATA[java.lang.AssertionError: Should navigate to Select Book Hotel page. expected [true] but found [false]
at tests.SelectHotelTest.testSelectHotel(SelectHotelTest.java:28)
at java.base/java.util.ArrayList.forEach(ArrayList.java:1596)
... Removed 28 stack frames]]>
    </failure>
  </testcase> <!-- testSelectHotel -->
</testsuite> <!-- Hotel Book Tests -->
