<?xml version="1.0" encoding="UTF-8"?>
<!-- Generated by org.testng.reporters.JUnitXMLReporter -->
<testsuite ignored="0" hostname="jeevansx-mobl" failures="1" tests="1" name="Hotel Booking Tests" time="6.344" errors="0" timestamp="2025-04-13T15:30:56 IST">
  <testcase classname="tests.SearchHotelTest" name="testSearchHotel" time="1.186">
    <failure type="java.lang.AssertionError" message="Should navigate to Select Hotel page. expected [true] but found [false]">
      <![CDATA[java.lang.AssertionError: Should navigate to Select Hotel page. expected [true] but found [false]
at tests.SearchHotelTest.testSearchHotel(SearchHotelTest.java:22)
at java.base/java.util.ArrayList.forEach(ArrayList.java:1596)
... Removed 28 stack frames]]>
    </failure>
  </testcase> <!-- testSearchHotel -->
</testsuite> <!-- Hotel Booking Tests -->
