<?xml version="1.0" encoding="UTF-8"?>
<testng-results ignored="0" total="6" passed="4" failed="2" skipped="0">
  <reporter-output>
  </reporter-output>
  <suite started-at="2025-04-13T15:30:39 IST" name="Adactin Hotel Tests" finished-at="2025-04-13T15:31:25 IST" duration-ms="46561">
    <groups>
    </groups>
    <test started-at="2025-04-13T15:30:39 IST" name="Login Tests" finished-at="2025-04-13T15:30:50 IST" duration-ms="11382">
      <class name="tests.LoginTest">
        <test-method is-config="true" signature="launchingBrowserandLoadingURL(java.lang.String,java.lang.String)[pri:0, instance:tests.LoginTest@3590fc5b]" started-at="2025-04-13T15:30:39 IST" name="launchingBrowserandLoadingURL" finished-at="2025-04-13T15:30:44 IST" duration-ms="5172" status="PASS">
          <params>
            <param index="0">
              <value>
                <![CDATA[https://adactinhotelapp.com/index.php]]>
              </value>
            </param>
            <param index="1">
              <value>
                <![CDATA[chrome]]>
              </value>
            </param>
          </params>
          <reporter-output>
          </reporter-output>
        </test-method> <!-- launchingBrowserandLoadingURL -->
        <test-method signature="testLoginWithInvalidCredentials()[pri:0, instance:tests.LoginTest@3590fc5b]" started-at="2025-04-13T15:30:44 IST" name="testLoginWithInvalidCredentials" finished-at="2025-04-13T15:30:44 IST" duration-ms="272" status="PASS">
          <reporter-output>
          </reporter-output>
        </test-method> <!-- testLoginWithInvalidCredentials -->
        <test-method is-config="true" signature="closeBrowser()[pri:0, instance:tests.LoginTest@3590fc5b]" started-at="2025-04-13T15:30:44 IST" name="closeBrowser" finished-at="2025-04-13T15:30:44 IST" duration-ms="123" status="PASS">
          <reporter-output>
          </reporter-output>
        </test-method> <!-- closeBrowser -->
        <test-method is-config="true" signature="launchingBrowserandLoadingURL(java.lang.String,java.lang.String)[pri:0, instance:tests.LoginTest@3590fc5b]" started-at="2025-04-13T15:30:44 IST" name="launchingBrowserandLoadingURL" finished-at="2025-04-13T15:30:49 IST" duration-ms="4682" status="PASS">
          <params>
            <param index="0">
              <value>
                <![CDATA[https://adactinhotelapp.com/index.php]]>
              </value>
            </param>
            <param index="1">
              <value>
                <![CDATA[chrome]]>
              </value>
            </param>
          </params>
          <reporter-output>
          </reporter-output>
        </test-method> <!-- launchingBrowserandLoadingURL -->
        <test-method signature="testLoginWithValidCredentials()[pri:0, instance:tests.LoginTest@3590fc5b]" started-at="2025-04-13T15:30:49 IST" name="testLoginWithValidCredentials" finished-at="2025-04-13T15:30:50 IST" duration-ms="933" status="PASS">
          <reporter-output>
          </reporter-output>
        </test-method> <!-- testLoginWithValidCredentials -->
        <test-method is-config="true" signature="closeBrowser()[pri:0, instance:tests.LoginTest@3590fc5b]" started-at="2025-04-13T15:30:50 IST" name="closeBrowser" finished-at="2025-04-13T15:30:50 IST" duration-ms="153" status="PASS">
          <reporter-output>
          </reporter-output>
        </test-method> <!-- closeBrowser -->
      </class> <!-- tests.LoginTest -->
    </test> <!-- Login Tests -->
    <test started-at="2025-04-13T15:30:50 IST" name="Hotel Booking Tests" finished-at="2025-04-13T15:30:56 IST" duration-ms="6344">
      <class name="tests.SearchHotelTest">
        <test-method is-config="true" signature="launchingBrowserandLoadingURL(java.lang.String,java.lang.String)[pri:0, instance:tests.SearchHotelTest@b3ca52e]" started-at="2025-04-13T15:30:50 IST" name="launchingBrowserandLoadingURL" finished-at="2025-04-13T15:30:55 IST" duration-ms="5023" status="PASS">
          <params>
            <param index="0">
              <value>
                <![CDATA[https://adactinhotelapp.com/index.php]]>
              </value>
            </param>
            <param index="1">
              <value>
                <![CDATA[chrome]]>
              </value>
            </param>
          </params>
          <reporter-output>
          </reporter-output>
        </test-method> <!-- launchingBrowserandLoadingURL -->
        <test-method signature="testSearchHotel()[pri:0, instance:tests.SearchHotelTest@b3ca52e]" started-at="2025-04-13T15:30:55 IST" name="testSearchHotel" finished-at="2025-04-13T15:30:56 IST" duration-ms="1186" status="FAIL">
          <exception class="java.lang.AssertionError">
            <message>
              <![CDATA[Should navigate to Select Hotel page. expected [true] but found [false]]]>
            </message>
            <full-stacktrace>
              <![CDATA[java.lang.AssertionError: Should navigate to Select Hotel page. expected [true] but found [false]
at org.testng.Assert.fail(Assert.java:111)
at org.testng.Assert.failNotEquals(Assert.java:1578)
at org.testng.Assert.assertTrue(Assert.java:57)
at tests.SearchHotelTest.testSearchHotel(SearchHotelTest.java:22)
at java.base/jdk.internal.reflect.DirectMethodHandleAccessor.invoke(DirectMethodHandleAccessor.java:103)
at java.base/java.lang.reflect.Method.invoke(Method.java:580)
at org.testng.internal.invokers.MethodInvocationHelper.invokeMethod(MethodInvocationHelper.java:139)
at org.testng.internal.invokers.TestInvoker.invokeMethod(TestInvoker.java:664)
at org.testng.internal.invokers.TestInvoker.invokeTestMethod(TestInvoker.java:227)
at org.testng.internal.invokers.MethodRunner.runInSequence(MethodRunner.java:50)
at org.testng.internal.invokers.TestInvoker$MethodInvocationAgent.invoke(TestInvoker.java:957)
at org.testng.internal.invokers.TestInvoker.invokeTestMethods(TestInvoker.java:200)
at org.testng.internal.invokers.TestMethodWorker.invokeTestMethods(TestMethodWorker.java:148)
at org.testng.internal.invokers.TestMethodWorker.run(TestMethodWorker.java:128)
at java.base/java.util.ArrayList.forEach(ArrayList.java:1596)
at org.testng.TestRunner.privateRun(TestRunner.java:848)
at org.testng.TestRunner.run(TestRunner.java:621)
at org.testng.SuiteRunner.runTest(SuiteRunner.java:443)
at org.testng.SuiteRunner.runSequentially(SuiteRunner.java:437)
at org.testng.SuiteRunner.privateRun(SuiteRunner.java:397)
at org.testng.SuiteRunner.run(SuiteRunner.java:336)
at org.testng.SuiteRunnerWorker.runSuite(SuiteRunnerWorker.java:52)
at org.testng.SuiteRunnerWorker.run(SuiteRunnerWorker.java:95)
at org.testng.TestNG.runSuitesSequentially(TestNG.java:1280)
at org.testng.TestNG.runSuitesLocally(TestNG.java:1200)
at org.testng.TestNG.runSuites(TestNG.java:1114)
at org.testng.TestNG.run(TestNG.java:1082)
at org.testng.remote.AbstractRemoteTestNG.run(AbstractRemoteTestNG.java:115)
at org.testng.remote.RemoteTestNG.initAndRun(RemoteTestNG.java:293)
at org.testng.remote.RemoteTestNG.main(RemoteTestNG.java:91)
]]>
            </full-stacktrace>
          </exception> <!-- java.lang.AssertionError -->
          <reporter-output>
          </reporter-output>
        </test-method> <!-- testSearchHotel -->
        <test-method is-config="true" signature="closeBrowser()[pri:0, instance:tests.SearchHotelTest@b3ca52e]" started-at="2025-04-13T15:30:56 IST" name="closeBrowser" finished-at="2025-04-13T15:30:56 IST" duration-ms="131" status="PASS">
          <reporter-output>
          </reporter-output>
        </test-method> <!-- closeBrowser -->
      </class> <!-- tests.SearchHotelTest -->
    </test> <!-- Hotel Booking Tests -->
    <test started-at="2025-04-13T15:30:56 IST" name="Hotel Book Tests" finished-at="2025-04-13T15:31:03 IST" duration-ms="6532">
      <class name="tests.SelectHotelTest">
        <test-method is-config="true" signature="launchingBrowserandLoadingURL(java.lang.String,java.lang.String)[pri:0, instance:tests.SelectHotelTest@1ff4931d]" started-at="2025-04-13T15:30:56 IST" name="launchingBrowserandLoadingURL" finished-at="2025-04-13T15:31:01 IST" duration-ms="4567" status="PASS">
          <params>
            <param index="0">
              <value>
                <![CDATA[https://adactinhotelapp.com/index.php]]>
              </value>
            </param>
            <param index="1">
              <value>
                <![CDATA[chrome]]>
              </value>
            </param>
          </params>
          <reporter-output>
          </reporter-output>
        </test-method> <!-- launchingBrowserandLoadingURL -->
        <test-method signature="testSelectHotel()[pri:0, instance:tests.SelectHotelTest@1ff4931d]" started-at="2025-04-13T15:31:01 IST" name="testSelectHotel" finished-at="2025-04-13T15:31:03 IST" duration-ms="1843" status="FAIL">
          <exception class="java.lang.AssertionError">
            <message>
              <![CDATA[Should navigate to Select Book Hotel page. expected [true] but found [false]]]>
            </message>
            <full-stacktrace>
              <![CDATA[java.lang.AssertionError: Should navigate to Select Book Hotel page. expected [true] but found [false]
at org.testng.Assert.fail(Assert.java:111)
at org.testng.Assert.failNotEquals(Assert.java:1578)
at org.testng.Assert.assertTrue(Assert.java:57)
at tests.SelectHotelTest.testSelectHotel(SelectHotelTest.java:28)
at java.base/jdk.internal.reflect.DirectMethodHandleAccessor.invoke(DirectMethodHandleAccessor.java:103)
at java.base/java.lang.reflect.Method.invoke(Method.java:580)
at org.testng.internal.invokers.MethodInvocationHelper.invokeMethod(MethodInvocationHelper.java:139)
at org.testng.internal.invokers.TestInvoker.invokeMethod(TestInvoker.java:664)
at org.testng.internal.invokers.TestInvoker.invokeTestMethod(TestInvoker.java:227)
at org.testng.internal.invokers.MethodRunner.runInSequence(MethodRunner.java:50)
at org.testng.internal.invokers.TestInvoker$MethodInvocationAgent.invoke(TestInvoker.java:957)
at org.testng.internal.invokers.TestInvoker.invokeTestMethods(TestInvoker.java:200)
at org.testng.internal.invokers.TestMethodWorker.invokeTestMethods(TestMethodWorker.java:148)
at org.testng.internal.invokers.TestMethodWorker.run(TestMethodWorker.java:128)
at java.base/java.util.ArrayList.forEach(ArrayList.java:1596)
at org.testng.TestRunner.privateRun(TestRunner.java:848)
at org.testng.TestRunner.run(TestRunner.java:621)
at org.testng.SuiteRunner.runTest(SuiteRunner.java:443)
at org.testng.SuiteRunner.runSequentially(SuiteRunner.java:437)
at org.testng.SuiteRunner.privateRun(SuiteRunner.java:397)
at org.testng.SuiteRunner.run(SuiteRunner.java:336)
at org.testng.SuiteRunnerWorker.runSuite(SuiteRunnerWorker.java:52)
at org.testng.SuiteRunnerWorker.run(SuiteRunnerWorker.java:95)
at org.testng.TestNG.runSuitesSequentially(TestNG.java:1280)
at org.testng.TestNG.runSuitesLocally(TestNG.java:1200)
at org.testng.TestNG.runSuites(TestNG.java:1114)
at org.testng.TestNG.run(TestNG.java:1082)
at org.testng.remote.AbstractRemoteTestNG.run(AbstractRemoteTestNG.java:115)
at org.testng.remote.RemoteTestNG.initAndRun(RemoteTestNG.java:293)
at org.testng.remote.RemoteTestNG.main(RemoteTestNG.java:91)
]]>
            </full-stacktrace>
          </exception> <!-- java.lang.AssertionError -->
          <reporter-output>
          </reporter-output>
        </test-method> <!-- testSelectHotel -->
        <test-method is-config="true" signature="closeBrowser()[pri:0, instance:tests.SelectHotelTest@1ff4931d]" started-at="2025-04-13T15:31:03 IST" name="closeBrowser" finished-at="2025-04-13T15:31:03 IST" duration-ms="118" status="PASS">
          <reporter-output>
          </reporter-output>
        </test-method> <!-- closeBrowser -->
      </class> <!-- tests.SelectHotelTest -->
    </test> <!-- Hotel Book Tests -->
    <test started-at="2025-04-13T15:31:03 IST" name="Booking Hotel Tests" finished-at="2025-04-13T15:31:11 IST" duration-ms="8402">
      <class name="tests.BookHotelTest">
        <test-method is-config="true" signature="launchingBrowserandLoadingURL(java.lang.String,java.lang.String)[pri:0, instance:tests.BookHotelTest@8297b3a]" started-at="2025-04-13T15:31:03 IST" name="launchingBrowserandLoadingURL" finished-at="2025-04-13T15:31:08 IST" duration-ms="5352" status="PASS">
          <params>
            <param index="0">
              <value>
                <![CDATA[https://adactinhotelapp.com/index.php]]>
              </value>
            </param>
            <param index="1">
              <value>
                <![CDATA[chrome]]>
              </value>
            </param>
          </params>
          <reporter-output>
          </reporter-output>
        </test-method> <!-- launchingBrowserandLoadingURL -->
        <test-method signature="TestBookHotel()[pri:0, instance:tests.BookHotelTest@8297b3a]" started-at="2025-04-13T15:31:08 IST" name="TestBookHotel" finished-at="2025-04-13T15:31:11 IST" duration-ms="2919" status="PASS">
          <reporter-output>
          </reporter-output>
        </test-method> <!-- TestBookHotel -->
        <test-method is-config="true" signature="closeBrowser()[pri:0, instance:tests.BookHotelTest@8297b3a]" started-at="2025-04-13T15:31:11 IST" name="closeBrowser" finished-at="2025-04-13T15:31:11 IST" duration-ms="119" status="PASS">
          <reporter-output>
          </reporter-output>
        </test-method> <!-- closeBrowser -->
      </class> <!-- tests.BookHotelTest -->
    </test> <!-- Booking Hotel Tests -->
    <test started-at="2025-04-13T15:31:11 IST" name="Booked Itineary Tests" finished-at="2025-04-13T15:31:25 IST" duration-ms="13793">
      <class name="tests.BookedItinearyTest">
        <test-method is-config="true" signature="launchingBrowserandLoadingURL(java.lang.String,java.lang.String)[pri:0, instance:tests.BookedItinearyTest@544fa968]" started-at="2025-04-13T15:31:11 IST" name="launchingBrowserandLoadingURL" finished-at="2025-04-13T15:31:16 IST" duration-ms="4455" status="PASS">
          <params>
            <param index="0">
              <value>
                <![CDATA[https://adactinhotelapp.com/index.php]]>
              </value>
            </param>
            <param index="1">
              <value>
                <![CDATA[chrome]]>
              </value>
            </param>
          </params>
          <reporter-output>
          </reporter-output>
        </test-method> <!-- launchingBrowserandLoadingURL -->
        <test-method signature="TestBookedItineary()[pri:0, instance:tests.BookedItinearyTest@544fa968]" started-at="2025-04-13T15:31:16 IST" name="TestBookedItineary" finished-at="2025-04-13T15:31:25 IST" duration-ms="9106" status="PASS">
          <reporter-output>
          </reporter-output>
        </test-method> <!-- TestBookedItineary -->
        <test-method is-config="true" signature="closeBrowser()[pri:0, instance:tests.BookedItinearyTest@544fa968]" started-at="2025-04-13T15:31:25 IST" name="closeBrowser" finished-at="2025-04-13T15:31:25 IST" duration-ms="226" status="PASS">
          <reporter-output>
          </reporter-output>
        </test-method> <!-- closeBrowser -->
      </class> <!-- tests.BookedItinearyTest -->
    </test> <!-- Booked Itineary Tests -->
  </suite> <!-- Adactin Hotel Tests -->
</testng-results>
